build/app/outputs/mapping/release/seeds.txt
com.example.musicplayer.MainActivity
com.example.musicplayer.MainActivity: MainActivity()
...
androidx.window.R$styleable: int SplitPairFilter_primaryActivityName
androidx.window.layout.WindowMetricsCalculatorCompat: androidx.window.layout.WindowMetricsCalculatorCompat INSTANCE
androidx.window.core.Version: int patch
io.flutter.embedding.engine.plugins.lifecycle.HiddenLifecycleReference: androidx.lifecycle.Lifecycle lifecycle
androidx.window.R$styleable: int[] SplitPairRule
androidx.window.layout.WindowMetricsCalculator$Companion$decorator$1: androidx.window.layout.WindowMetricsCalculator$Companion$decorator$1 INSTANCE
androidx.window.embedding.EmbeddingCompat: androidx.window.embedding.EmbeddingAdapter adapter
io.flutter.embedding.engine.FlutterOverlaySurface: android.view.Surface surface
androidx.window.layout.FoldingFeature$State: androidx.window.layout.FoldingFeature$State HALF_OPENED
androidx.window.R$attr: int alwaysExpand
kotlinx.coroutines.android.AndroidExceptionPreHandler: java.lang.Object _preHandler
androidx.window.embedding.EmbeddingCompat: java.lang.String TAG
kotlinx.coroutines.JobSupport$Finishing: java.lang.Object _rootCause
androidx.window.core.Version: kotlin.Lazy bigInteger$delegate
kotlin.jvm.internal.CallableReference: java.lang.Object receiver
androidx.window.core.Version: androidx.window.core.Version$Companion Companion
androidx.window.R$attr: int activityAction
androidx.window.embedding.ExtensionEmbeddingBackend$SplitListenerWrapper: android.app.Activity activity
androidx.window.R$attr: int finishPrimaryWithSecondary
androidx.window.embedding.MatcherUtils: boolean sDebugMatchers
androidx.window.R$styleable: int SplitPlaceholderRule_placeholderActivityName
kotlinx.coroutines.DefaultExecutor: java.lang.Thread _thread
androidx.lifecycle.Lifecycle$Event: androidx.lifecycle.Lifecycle$Event ON_PAUSE
androidx.window.layout.SidecarWindowBackend: androidx.window.layout.SidecarWindowBackend$Companion Companion
androidx.window.R$styleable: int SplitPlaceholderRule_splitRatio
androidx.window.layout.WindowInfoTrackerImpl: androidx.window.layout.WindowBackend windowBackend
io.flutter.view.FlutterCallbackInformation: java.lang.String callbackLibraryPath
kotlinx.coroutines.scheduling.CoroutineScheduler$Worker: int workerCtl
io.flutter.plugin.editing.ImeSyncDeferringInsetsCallback: io.flutter.plugin.editing.ImeSyncDeferringInsetsCallback$InsetsListener insetsListener
androidx.window.layout.SidecarWindowBackend: java.util.concurrent.locks.ReentrantLock globalLock
androidx.window.embedding.ExtensionEmbeddingBackend: java.util.concurrent.locks.ReentrantLock globalLock
androidx.window.layout.DisplayCompatHelperApi28: androidx.window.layout.DisplayCompatHelperApi28 INSTANCE
io.flutter.view.FlutterCallbackInformation: java.lang.String callbackName
androidx.window.core.Version: int major
androidx.window.embedding.SplitController: androidx.window.embedding.EmbeddingBackend embeddingBackend
androidx.window.layout.SidecarCompat: java.lang.String TAG
androidx.window.R$attr: int secondaryActivityAction
io.flutter.embedding.engine.mutatorsstack.FlutterMutatorsStack: java.util.List mutators
androidx.window.layout.WindowInfoTrackerImpl$windowLayoutInfo$1: java.lang.Object L$0
androidx.window.layout.SidecarAdapter: java.lang.String TAG
androidx.window.embedding.SplitRule: float splitRatio
androidx.window.layout.SidecarWindowBackend: androidx.window.layout.ExtensionInterfaceCompat windowExtension
io.flutter.embedding.android.FlutterSplashView$SavedState: android.os.Bundle splashScreenState
kotlin.jvm.internal.CallableReference: java.lang.String signature
io.flutter.plugin.editing.ImeSyncDeferringInsetsCallback: io.flutter.plugin.editing.ImeSyncDeferringInsetsCallback$AnimationCallback animationCallback
io.flutter.embedding.engine.FlutterJNI: java.util.Set flutterUiDisplayListeners
io.flutter.embedding.engine.renderer.SurfaceTextureWrapper: java.lang.Runnable onFrameConsumed
io.flutter.embedding.engine.renderer.SurfaceTextureWrapper: android.graphics.SurfaceTexture surfaceTexture