build/app/outputs/mapping/release/mapping.txt
# compiler: R8
# compiler_version: 3.1.66
# min_api: 16
# pg_map_id: 2880fe3
# common_typos_disable
# {"id":"com.android.tools.r8.mapping","version":"1.0"}
...
io.flutter.embedding.engine.systemchannels.LocalizationChannel$LocalizationMessageHandler -> e0.f$b:
    java.lang.String getStringResource(java.lang.String,java.lang.String) -> a
io.flutter.embedding.engine.systemchannels.MouseCursorChannel -> e0.g:
    io.flutter.embedding.engine.systemchannels.MouseCursorChannel$MouseCursorMethodHandler mouseCursorMethodHandler -> b
    io.flutter.plugin.common.MethodChannel$MethodCallHandler parsingMethodCallHandler -> c
    io.flutter.plugin.common.MethodChannel channel -> a
    io.flutter.embedding.engine.systemchannels.MouseCursorChannel$MouseCursorMethodHandler access$000(io.flutter.embedding.engine.systemchannels.MouseCursorChannel) -> a
    void setMethodHandler(io.flutter.embedding.engine.systemchannels.MouseCursorChannel$MouseCursorMethodHandler) -> b
io.flutter.embedding.engine.systemchannels.MouseCursorChannel$1 -> e0.g$a:
    io.flutter.embedding.engine.systemchannels.MouseCursorChannel this$0 -> a
    void onMethodCall(io.flutter.plugin.common.MethodCall,io.flutter.plugin.common.MethodChannel$Result) -> b
io.flutter.embedding.engine.systemchannels.MouseCursorChannel$MouseCursorMethodHandler -> e0.g$b:
    void activateSystemCursor(java.lang.String) -> a
io.flutter.embedding.engine.systemchannels.NavigationChannel -> e0.h:
    io.flutter.plugin.common.MethodChannel$MethodCallHandler defaultHandler -> b
    io.flutter.plugin.common.MethodChannel channel -> a
    void popRoute() -> a
    void pushRoute(java.lang.String) -> b
    void setInitialRoute(java.lang.String) -> c
io.flutter.embedding.engine.systemchannels.NavigationChannel$1 -> e0.h$a:
    io.flutter.embedding.engine.systemchannels.NavigationChannel this$0 -> a
    void onMethodCall(io.flutter.plugin.common.MethodCall,io.flutter.plugin.common.MethodChannel$Result) -> b
io.flutter.embedding.engine.systemchannels.PlatformChannel -> e0.i:
    io.flutter.plugin.common.MethodChannel$MethodCallHandler parsingMethodCallHandler -> c
    io.flutter.embedding.engine.systemchannels.PlatformChannel$PlatformMessageHandler platformMessageHandler -> b
    io.flutter.plugin.common.MethodChannel channel -> a
    io.flutter.embedding.engine.systemchannels.PlatformChannel$PlatformMessageHandler access$000(io.flutter.embedding.engine.systemchannels.PlatformChannel) -> a
    int access$100(io.flutter.embedding.engine.systemchannels.PlatformChannel,org.json.JSONArray) -> b
    io.flutter.embedding.engine.systemchannels.PlatformChannel$AppSwitcherDescription access$200(io.flutter.embedding.engine.systemchannels.PlatformChannel,org.json.JSONObject) -> c
    java.util.List access$300(io.flutter.embedding.engine.systemchannels.PlatformChannel,org.json.JSONArray) -> d
    io.flutter.embedding.engine.systemchannels.PlatformChannel$SystemUiMode access$400(io.flutter.embedding.engine.systemchannels.PlatformChannel,java.lang.String) -> e
    io.flutter.embedding.engine.systemchannels.PlatformChannel$SystemChromeStyle access$500(io.flutter.embedding.engine.systemchannels.PlatformChannel,org.json.JSONObject) -> f
    io.flutter.embedding.engine.systemchannels.PlatformChannel$AppSwitcherDescription decodeAppSwitcherDescription(org.json.JSONObject) -> g
    int decodeOrientations(org.json.JSONArray) -> h
io.flutter.embedding.engine.systemchannels.PlatformChannel$1 -> e0.i$a:
    io.flutter.embedding.engine.systemchannels.PlatformChannel this$0 -> a
    void onMethodCall(io.flutter.plugin.common.MethodCall,io.flutter.plugin.common.MethodChannel$Result) -> b
io.flutter.embedding.engine.systemchannels.PlatformChannel$2 -> e0.i$b:
    int[] $SwitchMap$io$flutter$embedding$engine$systemchannels$PlatformChannel$SystemUiOverlay -> b
    int[] $SwitchMap$io$flutter$embedding$engine$systemchannels$PlatformChannel$SystemUiMode -> c
    int[] $SwitchMap$io$flutter$embedding$engine$systemchannels$PlatformChannel$DeviceOrientation -> a