build/app/outputs/mapping/release/usage.txt
com.example.musicplayer.BuildConfig
com.example.musicplayer.R$attr
com.example.musicplayer.R$color
com.example.musicplayer.R$dimen
com.example.musicplayer.R$drawable
com.example.musicplayer.R$id
com.example.musicplayer.R$integer
com.example.musicplayer.R$layout
com.example.musicplayer.R$mipmap
com.example.musicplayer.R$string
com.example.musicplayer.R$style
com.example.musicplayer.R$styleable
com.example.musicplayer.R
...
kotlin.io.FilesKt__UtilsKt:
    public void <init>()
    public static final boolean copyRecursively(java.io.File,java.io.File,boolean,kotlin.jvm.functions.Function2)
    public static synthetic boolean copyRecursively$default(java.io.File,java.io.File,boolean,kotlin.jvm.functions.Function2,int,java.lang.Object)
    public static final java.io.File copyTo(java.io.File,java.io.File,boolean,int)
    public static synthetic java.io.File copyTo$default(java.io.File,java.io.File,boolean,int,int,java.lang.Object)
    public static final java.io.File createTempDir(java.lang.String,java.lang.String,java.io.File)
    public static synthetic java.io.File createTempDir$default(java.lang.String,java.lang.String,java.io.File,int,java.lang.Object)
    public static final java.io.File createTempFile(java.lang.String,java.lang.String,java.io.File)
    public static synthetic java.io.File createTempFile$default(java.lang.String,java.lang.String,java.io.File,int,java.lang.Object)
    public static final boolean deleteRecursively(java.io.File)
    public static final boolean endsWith(java.io.File,java.io.File)
    public static final boolean endsWith(java.io.File,java.lang.String)
    public static final java.lang.String getInvariantSeparatorsPath(java.io.File)
    public static final java.io.File normalize(java.io.File)
    private static final java.util.List normalize$FilesKt__UtilsKt(java.util.List)
kotlin.io.LineReader
kotlin.io.LinesSequence$iterator$1
kotlin.io.LinesSequence
kotlin.io.NoSuchFileException
kotlin.io.OnErrorAction
kotlin.io.ReadAfterEOFException
kotlin.io.SerializableKt
kotlin.io.TerminateException
kotlin.io.TextStreamsKt$readLines$1
kotlin.io.TextStreamsKt
kotlin.io.path.ExperimentalPathApi
kotlin.io.path.PathRelativizer
kotlin.io.path.PathsKt
kotlin.io.path.PathsKt__PathReadWriteKt
kotlin.io.path.PathsKt__PathUtilsKt
kotlin.jdk7.AutoCloseableKt
kotlin.js.ExperimentalJsExport
kotlin.jvm.JvmClassMappingKt:
    public static final kotlin.reflect.KClass getAnnotationClass(java.lang.annotation.Annotation)
    public static final java.lang.Class getJavaClass(java.lang.Object)
    public static final java.lang.Class getJavaClass(kotlin.reflect.KClass)
    public static synthetic void getJavaClass$annotations(kotlin.reflect.KClass)
    public static final java.lang.Class getJavaPrimitiveType(kotlin.reflect.KClass)
    public static final java.lang.Class getRuntimeClassOfKClassInstance(kotlin.reflect.KClass)
    public static synthetic void getRuntimeClassOfKClassInstance$annotations(kotlin.reflect.KClass)
    public static final synthetic boolean isArrayOf(java.lang.Object[])
kotlin.jvm.JvmDefault
kotlin.jvm.JvmDefaultWithoutCompatibility
kotlin.jvm.JvmField
kotlin.jvm.JvmInline
kotlin.jvm.JvmMultifileClass
kotlin.jvm.JvmName
kotlin.jvm.JvmOverloads
kotlin.jvm.JvmPackageName
kotlin.jvm.JvmRecord
kotlin.jvm.JvmStatic
kotlin.jvm.JvmSuppressWildcards
kotlin.jvm.JvmSynthetic
kotlin.jvm.JvmWildcard
kotlin.jvm.KotlinReflectionNotSupportedError:
    public void <init>(java.lang.String)
    public void <init>(java.lang.String,java.lang.Throwable)
    public void <init>(java.lang.Throwable)
kotlin.jvm.PurelyImplements
kotlin.jvm.Strictfp
kotlin.jvm.Synchronized
kotlin.jvm.Throws
kotlin.jvm.Transient
kotlin.jvm.Volatile
kotlin.jvm.functions.Function10:
    public abstract java.lang.Object invoke(java.lang.Object,java.lang.Object,java.lang.Object,java.lang.Object,java.lang.Object,java.lang.Object,java.lang.Object,java.lang.Object,java.lang.Object,java.lang.Object)
kotlin.jvm.functions.Function11:
    public abstract java.lang.Object invoke(java.lang.Object,java.lang.Object,java.lang.Object,java.lang.Object,java.lang.Object,java.lang.Object,java.lang.Object,java.lang.Object,java.lang.Object,java.lang.Object,java.lang.Object)